<?xml version="1.0" encoding="UTF-8"?>
<testng-results ignored="1" total="6" passed="4" failed="1" skipped="0">
  <reporter-output>
  </reporter-output>
  <suite started-at="2025-09-16T18:38:28 IST" name="Default suite" finished-at="2025-09-16T18:41:30 IST" duration-ms="181359">
    <groups>
    </groups>
    <test started-at="2025-09-16T18:38:28 IST" name="Default test" finished-at="2025-09-16T18:41:30 IST" duration-ms="181359">
      <class name="testPackage.LoginTest">
        <test-method is-config="true" signature="setUp()[pri:0, instance:testPackage.LoginTest@6771beb3]" started-at="2025-09-16T18:38:28 IST" name="setUp" finished-at="2025-09-16T18:38:40 IST" duration-ms="11585" status="PASS">
          <reporter-output>
          </reporter-output>
        </test-method> <!-- setUp -->
        <test-method signature="clickandaddmore()[pri:0, instance:testPackage.LoginTest@6771beb3]" started-at="2025-09-16T18:38:40 IST" name="clickandaddmore" finished-at="2025-09-16T18:39:21 IST" duration-ms="40762" status="PASS">
          <reporter-output>
          </reporter-output>
        </test-method> <!-- clickandaddmore -->
        <test-method is-config="true" signature="tearDown()[pri:0, instance:testPackage.LoginTest@6771beb3]" started-at="2025-09-16T18:39:21 IST" name="tearDown" finished-at="2025-09-16T18:39:21 IST" duration-ms="125" status="PASS">
          <reporter-output>
          </reporter-output>
        </test-method> <!-- tearDown -->
        <test-method is-config="true" signature="setUp()[pri:0, instance:testPackage.LoginTest@6771beb3]" started-at="2025-09-16T18:39:21 IST" name="setUp" finished-at="2025-09-16T18:39:29 IST" duration-ms="8454" status="PASS">
          <reporter-output>
          </reporter-output>
        </test-method> <!-- setUp -->
        <test-method signature="filteractive()[pri:0, instance:testPackage.LoginTest@6771beb3]" started-at="2025-09-16T18:39:29 IST" name="filteractive" finished-at="2025-09-16T18:39:48 IST" duration-ms="18529" status="FAIL">
          <exception class="org.openqa.selenium.TimeoutException">
            <message>
              <![CDATA[Expected condition failed: waiting for visibility of Proxy element for: DefaultElementLocator 'By.xpath: //th[contains(@class,"coPilotEnabled")]//child::span[text()='All']' (tried for 10 second(s) with 500 milliseconds interval)]]>
            </message>
            <full-stacktrace>
              <![CDATA[org.openqa.selenium.TimeoutException: Expected condition failed: waiting for visibility of Proxy element for: DefaultElementLocator 'By.xpath: //th[contains(@class,"coPilotEnabled")]//child::span[text()='All']' (tried for 10 second(s) with 500 milliseconds interval)
at org.openqa.selenium.support.ui.WebDriverWait.timeoutException(WebDriverWait.java:84)
at org.openqa.selenium.support.ui.FluentWait.until(FluentWait.java:228)
at pomPackage.HomePage.filterCoPilotActive(HomePage.java:369)
at testPackage.LoginTest.filteractive(LoginTest.java:248)
at java.base/jdk.internal.reflect.DirectMethodHandleAccessor.invoke(DirectMethodHandleAccessor.java:103)
at java.base/java.lang.reflect.Method.invoke(Method.java:580)
at org.testng.internal.invokers.MethodInvocationHelper.invokeMethod(MethodInvocationHelper.java:141)
at org.testng.internal.invokers.TestInvoker.invokeMethod(TestInvoker.java:687)
at org.testng.internal.invokers.TestInvoker.invokeTestMethod(TestInvoker.java:230)
at org.testng.internal.invokers.MethodRunner.runInSequence(MethodRunner.java:63)
at org.testng.internal.invokers.TestInvoker$MethodInvocationAgent.invoke(TestInvoker.java:995)
at org.testng.internal.invokers.TestInvoker.invokeTestMethods(TestInvoker.java:203)
at org.testng.internal.invokers.TestMethodWorker.invokeTestMethods(TestMethodWorker.java:154)
at org.testng.internal.invokers.TestMethodWorker.run(TestMethodWorker.java:134)
at java.base/java.util.ArrayList.forEach(ArrayList.java:1596)
at org.testng.TestRunner.privateRun(TestRunner.java:741)
at org.testng.TestRunner.run(TestRunner.java:616)
at org.testng.SuiteRunner.runTest(SuiteRunner.java:421)
at org.testng.SuiteRunner.runSequentially(SuiteRunner.java:413)
at org.testng.SuiteRunner.privateRun(SuiteRunner.java:373)
at org.testng.SuiteRunner.run(SuiteRunner.java:312)
at org.testng.SuiteRunnerWorker.runSuite(SuiteRunnerWorker.java:52)
at org.testng.SuiteRunnerWorker.run(SuiteRunnerWorker.java:95)
at org.testng.TestNG.runSuitesSequentially(TestNG.java:1274)
at org.testng.TestNG.runSuitesLocally(TestNG.java:1208)
at org.testng.TestNG.runSuites(TestNG.java:1112)
at org.testng.TestNG.run(TestNG.java:1079)
at org.testng.remote.AbstractRemoteTestNG.run(AbstractRemoteTestNG.java:115)
at org.testng.remote.RemoteTestNG.initAndRun(RemoteTestNG.java:293)
at org.testng.remote.RemoteTestNG.main(RemoteTestNG.java:91)
Caused by: org.openqa.selenium.NoSuchElementException: no such element: Unable to locate element: {"method":"xpath","selector":"//th[contains(@class,"coPilotEnabled")]//child::span[text()='All']"}
  (Session info: chrome=140.0.7339.128)
For documentation on this error, please visit: https://www.selenium.dev/documentation/webdriver/troubleshooting/errors#no-such-element-exception
Build info: version: '4.34.0', revision: '707dcb4246*'
System info: os.name: 'Windows 11', os.arch: 'amd64', os.version: '10.0', java.version: '21.0.8'
Driver info: org.openqa.selenium.chrome.ChromeDriver
Command: [03c5b37a78f03dd958145c1462f80d46, findElement {value=//th[contains(@class,"coPilotEnabled")]//child::span[text()='All'], using=xpath}]
Capabilities {acceptInsecureCerts: false, browserName: chrome, browserVersion: 140.0.7339.128, chrome: {chromedriverVersion: 140.0.7339.82 (bc93617e21c3..., userDataDir: C:\Users\aksha\AppData\Loca...}, fedcm:accounts: true, goog:chromeOptions: {debuggerAddress: localhost:64991}, networkConnectionEnabled: false, pageLoadStrategy: normal, platformName: windows, proxy: Proxy(), se:cdp: ws://localhost:64991/devtoo..., se:cdpVersion: 140.0.7339.128, setWindowRect: true, strictFileInteractability: false, timeouts: {implicit: 0, pageLoad: 300000, script: 30000}, unhandledPromptBehavior: dismiss and notify, webauthn:extension:credBlob: true, webauthn:extension:largeBlob: true, webauthn:extension:minPinLength: true, webauthn:extension:prf: true, webauthn:virtualAuthenticators: true}
Session ID: 03c5b37a78f03dd958145c1462f80d46
at java.base/jdk.internal.reflect.DirectConstructorHandleAccessor.newInstance(DirectConstructorHandleAccessor.java:62)
at java.base/java.lang.reflect.Constructor.newInstanceWithCaller(Constructor.java:502)
at java.base/java.lang.reflect.Constructor.newInstance(Constructor.java:486)
at org.openqa.selenium.remote.ErrorCodec.decode(ErrorCodec.java:167)
at org.openqa.selenium.remote.codec.w3c.W3CHttpResponseCodec.decode(W3CHttpResponseCodec.java:138)
at org.openqa.selenium.remote.codec.w3c.W3CHttpResponseCodec.decode(W3CHttpResponseCodec.java:50)
at org.openqa.selenium.remote.HttpCommandExecutor.execute(HttpCommandExecutor.java:215)
at org.openqa.selenium.remote.service.DriverCommandExecutor.invokeExecute(DriverCommandExecutor.java:216)
at org.openqa.selenium.remote.service.DriverCommandExecutor.execute(DriverCommandExecutor.java:174)
at org.openqa.selenium.remote.RemoteWebDriver.execute(RemoteWebDriver.java:544)
at org.openqa.selenium.remote.ElementLocation$ElementFinder$2.findElement(ElementLocation.java:165)
at org.openqa.selenium.remote.ElementLocation.findElement(ElementLocation.java:59)
at org.openqa.selenium.remote.RemoteWebDriver.findElement(RemoteWebDriver.java:367)
at org.openqa.selenium.remote.RemoteWebDriver.findElement(RemoteWebDriver.java:361)
at org.openqa.selenium.support.pagefactory.DefaultElementLocator.findElement(DefaultElementLocator.java:68)
at org.openqa.selenium.support.pagefactory.internal.LocatingElementHandler.invoke(LocatingElementHandler.java:38)
at jdk.proxy2/jdk.proxy2.$Proxy12.isDisplayed(Unknown Source)
at org.openqa.selenium.support.ui.ExpectedConditions.elementIfVisible(ExpectedConditions.java:304)
at org.openqa.selenium.support.ui.ExpectedConditions$10.apply(ExpectedConditions.java:290)
at org.openqa.selenium.support.ui.ExpectedConditions$10.apply(ExpectedConditions.java:287)
at org.openqa.selenium.support.ui.FluentWait.until(FluentWait.java:203)
... 28 more
]]>
            </full-stacktrace>
          </exception> <!-- org.openqa.selenium.TimeoutException -->
          <reporter-output>
          </reporter-output>
        </test-method> <!-- filteractive -->
        <test-method is-config="true" signature="tearDown()[pri:0, instance:testPackage.LoginTest@6771beb3]" started-at="2025-09-16T18:39:48 IST" name="tearDown" finished-at="2025-09-16T18:39:48 IST" duration-ms="154" status="PASS">
          <reporter-output>
          </reporter-output>
        </test-method> <!-- tearDown -->
        <test-method is-config="true" signature="setUp()[pri:0, instance:testPackage.LoginTest@6771beb3]" started-at="2025-09-16T18:39:48 IST" name="setUp" finished-at="2025-09-16T18:39:55 IST" duration-ms="7059" status="PASS">
          <reporter-output>
          </reporter-output>
        </test-method> <!-- setUp -->
        <test-method signature="resetoption()[pri:0, instance:testPackage.LoginTest@6771beb3]" started-at="2025-09-16T18:39:55 IST" name="resetoption" finished-at="2025-09-16T18:40:26 IST" duration-ms="31017" status="PASS">
          <reporter-output>
          </reporter-output>
        </test-method> <!-- resetoption -->
        <test-method is-config="true" signature="tearDown()[pri:0, instance:testPackage.LoginTest@6771beb3]" started-at="2025-09-16T18:40:26 IST" name="tearDown" finished-at="2025-09-16T18:40:26 IST" duration-ms="139" status="PASS">
          <reporter-output>
          </reporter-output>
        </test-method> <!-- tearDown -->
        <test-method is-config="true" signature="setUp()[pri:0, instance:testPackage.LoginTest@6771beb3]" started-at="2025-09-16T18:40:26 IST" name="setUp" finished-at="2025-09-16T18:40:34 IST" duration-ms="7958" status="PASS">
          <reporter-output>
          </reporter-output>
        </test-method> <!-- setUp -->
        <test-method signature="shortnamevalidation()[pri:0, instance:testPackage.LoginTest@6771beb3]" started-at="2025-09-16T18:40:34 IST" name="shortnamevalidation" finished-at="2025-09-16T18:40:57 IST" duration-ms="23114" status="PASS">
          <reporter-output>
          </reporter-output>
        </test-method> <!-- shortnamevalidation -->
        <test-method is-config="true" signature="tearDown()[pri:0, instance:testPackage.LoginTest@6771beb3]" started-at="2025-09-16T18:40:57 IST" name="tearDown" finished-at="2025-09-16T18:40:57 IST" duration-ms="134" status="PASS">
          <reporter-output>
          </reporter-output>
        </test-method> <!-- tearDown -->
        <test-method is-config="true" signature="setUp()[pri:0, instance:testPackage.LoginTest@6771beb3]" started-at="2025-09-16T18:40:57 IST" name="setUp" finished-at="2025-09-16T18:41:05 IST" duration-ms="7471" status="PASS">
          <reporter-output>
          </reporter-output>
        </test-method> <!-- setUp -->
        <test-method signature="verifyLogin()[pri:0, instance:testPackage.LoginTest@6771beb3]" started-at="2025-09-16T18:41:05 IST" name="verifyLogin" finished-at="2025-09-16T18:41:29 IST" duration-ms="24712" status="PASS">
          <reporter-output>
          </reporter-output>
        </test-method> <!-- verifyLogin -->
        <test-method is-config="true" signature="tearDown()[pri:0, instance:testPackage.LoginTest@6771beb3]" started-at="2025-09-16T18:41:29 IST" name="tearDown" finished-at="2025-09-16T18:41:30 IST" duration-ms="124" status="PASS">
          <reporter-output>
          </reporter-output>
        </test-method> <!-- tearDown -->
      </class> <!-- testPackage.LoginTest -->
    </test> <!-- Default test -->
  </suite> <!-- Default suite -->
</testng-results>
